# JRE version: Java(TM) SE Runtime Environment (7.0_75-b13) (build 1.7.0_75-b13)
# Java VM: Java HotSpot(TM) 64-Bit Server VM (24.75-b04 mixed mode bsd-amd64 compressed oops)
Heap
 PSYoungGen      total 384512K, used 43120K [0x0000000147b00000, 0x0000000160b00000, 0x0000000160b00000)
  eden space 359424K, 5% used [0x0000000147b00000,0x0000000148c9f828,0x000000015da00000)
  from space 25088K, 99% used [0x000000015da00000,0x000000015f27c970,0x000000015f280000)
  to   space 25088K, 0% used [0x000000015f280000,0x000000015f280000,0x0000000160b00000)
 ParOldGen       total 154112K, used 84266K [0x0000000115b00000, 0x000000011f180000, 0x0000000147b00000)
  object space 154112K, 54% used [0x0000000115b00000,0x000000011ad4ab58,0x000000011f180000)
 PSPermGen       total 21504K, used 5349K [0x0000000110900000, 0x0000000111e00000, 0x0000000115b00000)
  object space 21504K, 24% used [0x0000000110900000,0x0000000110e39778,0x0000000111e00000)
GC Heap History (10 events):
Event: 19.827 GC heap before
{Heap before GC invocations=76 (full 31):
 PSYoungGen      total 387072K, used 14628K [0x0000000147b00000, 0x0000000160880000, 0x0000000160b00000)
  eden space 368128K, 3% used [0x0000000147b00000,0x00000001489493a0,0x000000015e280000)
  from space 18944K, 0% used [0x000000015f600000,0x000000015f600000,0x0000000160880000)
  to   space 19456K, 0% used [0x000000015e280000,0x000000015e280000,0x000000015f580000)
 ParOldGen       total 87040K, used 61696K [0x0000000115b00000, 0x000000011b000000, 0x0000000147b00000)
  object space 87040K, 70% used [0x0000000115b00000,0x00000001197400e0,0x000000011b000000)
 PSPermGen       total 21504K, used 5071K [0x0000000110900000, 0x0000000111e00000, 0x0000000115b00000)
  object space 21504K, 23% used [0x0000000110900000,0x0000000110df3ea8,0x0000000111e00000)
Event: 19.832 GC heap after
Heap after GC invocations=76 (full 31):
 PSYoungGen      total 377856K, used 9632K [0x0000000147b00000, 0x0000000160680000, 0x0000000160b00000)
  eden space 368128K, 0% used [0x0000000147b00000,0x0000000147b00000,0x000000015e280000)
  from space 9728K, 99% used [0x000000015e280000,0x000000015ebe8000,0x000000015ec00000)
  to   space 18432K, 0% used [0x000000015f480000,0x000000015f480000,0x0000000160680000)
 ParOldGen       total 87040K, used 61696K [0x0000000115b00000, 0x000000011b000000, 0x0000000147b00000)
  object space 87040K, 70% used [0x0000000115b00000,0x00000001197400e0,0x000000011b000000)
 PSPermGen       total 21504K, used 5071K [0x0000000110900000, 0x0000000111e00000, 0x0000000115b00000)
  object space 21504K, 23% used [0x0000000110900000,0x0000000110df3ea8,0x0000000111e00000)
}
Event: 19.832 GC heap before
{Heap before GC invocations=77 (full 32):
 PSYoungGen      total 377856K, used 9632K [0x0000000147b00000, 0x0000000160680000, 0x0000000160b00000)
  eden space 368128K, 0% used [0x0000000147b00000,0x0000000147b00000,0x000000015e280000)
  from space 9728K, 99% used [0x000000015e280000,0x000000015ebe8000,0x000000015ec00000)
  to   space 18432K, 0% used [0x000000015f480000,0x000000015f480000,0x0000000160680000)
 ParOldGen       total 87040K, used 61696K [0x0000000115b00000, 0x000000011b000000, 0x0000000147b00000)
  object space 87040K, 70% used [0x0000000115b00000,0x00000001197400e0,0x000000011b000000)
 PSPermGen       total 21504K, used 5071K [0x0000000110900000, 0x0000000111e00000, 0x0000000115b00000)
  object space 21504K, 23% used [0x0000000110900000,0x0000000110df3ea8,0x0000000111e00000)
Event: 19.853 GC heap after
Heap after GC invocations=77 (full 32):
 PSYoungGen      total 377856K, used 0K [0x0000000147b00000, 0x0000000160680000, 0x0000000160b00000)
  eden space 368128K, 0% used [0x0000000147b00000,0x0000000147b00000,0x000000015e280000)
  from space 9728K, 0% used [0x000000015e280000,0x000000015e280000,0x000000015ec00000)
  to   space 18432K, 0% used [0x000000015f480000,0x000000015f480000,0x0000000160680000)
 ParOldGen       total 87040K, used 61895K [0x0000000115b00000, 0x000000011b000000, 0x0000000147b00000)
  object space 87040K, 71% used [0x0000000115b00000,0x0000000119771ca0,0x000000011b000000)
 PSPermGen       total 21504K, used 5071K [0x0000000110900000, 0x0000000111e00000, 0x0000000115b00000)
  object space 21504K, 23% used [0x0000000110900000,0x0000000110df3ea8,0x0000000111e00000)
}
Event: 20.327 GC heap before
{Heap before GC invocations=78 (full 32):
 PSYoungGen      total 377856K, used 368128K [0x0000000147b00000, 0x0000000160680000, 0x0000000160b00000)
  eden space 368128K, 100% used [0x0000000147b00000,0x000000015e280000,0x000000015e280000)
  from space 9728K, 0% used [0x000000015e280000,0x000000015e280000,0x000000015ec00000)
  to   space 18432K, 0% used [0x000000015f480000,0x000000015f480000,0x0000000160680000)
 ParOldGen       total 87040K, used 61895K [0x0000000115b00000, 0x000000011b000000, 0x0000000147b00000)
  object space 87040K, 71% used [0x0000000115b00000,0x0000000119771ca0,0x000000011b000000)
 PSPermGen       total 21504K, used 5091K [0x0000000110900000, 0x0000000111e00000, 0x0000000115b00000)
  object space 21504K, 23% used [0x0000000110900000,0x0000000110df8c50,0x0000000111e00000)
Event: 20.339 GC heap after
Heap after GC invocations=78 (full 32):
 PSYoungGen      total 377856K, used 18432K [0x0000000147b00000, 0x0000000160b00000, 0x0000000160b00000)
  eden space 359424K, 0% used [0x0000000147b00000,0x0000000147b00000,0x000000015da00000)
  from space 18432K, 100% used [0x000000015f480000,0x0000000160680000,0x0000000160680000)
  to   space 25088K, 0% used [0x000000015da00000,0x000000015da00000,0x000000015f280000)
 ParOldGen       total 87040K, used 73295K [0x0000000115b00000, 0x000000011b000000, 0x0000000147b00000)
  object space 87040K, 84% used [0x0000000115b00000,0x000000011a293ca0,0x000000011b000000)
 PSPermGen       total 21504K, used 5091K [0x0000000110900000, 0x0000000111e00000, 0x0000000115b00000)
  object space 21504K, 23% used [0x0000000110900000,0x0000000110df8c50,0x0000000111e00000)
}
Event: 20.339 GC heap before
{Heap before GC invocations=79 (full 33):
 PSYoungGen      total 377856K, used 18432K [0x0000000147b00000, 0x0000000160b00000, 0x0000000160b00000)
  eden space 359424K, 0% used [0x0000000147b00000,0x0000000147b00000,0x000000015da00000)
  from space 18432K, 100% used [0x000000015f480000,0x0000000160680000,0x0000000160680000)
  to   space 25088K, 0% used [0x000000015da00000,0x000000015da00000,0x000000015f280000)
 ParOldGen       total 87040K, used 73295K [0x0000000115b00000, 0x000000011b000000, 0x0000000147b00000)
  object space 87040K, 84% used [0x0000000115b00000,0x000000011a293ca0,0x000000011b000000)
 PSPermGen       total 21504K, used 5091K [0x0000000110900000, 0x0000000111e00000, 0x0000000115b00000)
  object space 21504K, 23% used [0x0000000110900000,0x0000000110df8c50,0x0000000111e00000)
Event: 20.391 GC heap after
Heap after GC invocations=79 (full 33):
 PSYoungGen      total 377856K, used 0K [0x0000000147b00000, 0x0000000160b00000, 0x0000000160b00000)
  eden space 359424K, 0% used [0x0000000147b00000,0x0000000147b00000,0x000000015da00000)
  from space 18432K, 0% used [0x000000015f480000,0x000000015f480000,0x0000000160680000)
  to   space 25088K, 0% used [0x000000015da00000,0x000000015da00000,0x000000015f280000)
 ParOldGen       total 154112K, used 82442K [0x0000000115b00000, 0x000000011f180000, 0x0000000147b00000)
  object space 154112K, 53% used [0x0000000115b00000,0x000000011ab82b58,0x000000011f180000)
 PSPermGen       total 21504K, used 5091K [0x0000000110900000, 0x0000000111e00000, 0x0000000115b00000)
  object space 21504K, 23% used [0x0000000110900000,0x0000000110df8c10,0x0000000111e00000)
}
Event: 20.822 GC heap before
{Heap before GC invocations=80 (full 33):
 PSYoungGen      total 377856K, used 359424K [0x0000000147b00000, 0x0000000160b00000, 0x0000000160b00000)
  eden space 359424K, 100% used [0x0000000147b00000,0x000000015da00000,0x000000015da00000)
  from space 18432K, 0% used [0x000000015f480000,0x000000015f480000,0x0000000160680000)
  to   space 25088K, 0% used [0x000000015da00000,0x000000015da00000,0x000000015f280000)
 ParOldGen       total 154112K, used 82442K [0x0000000115b00000, 0x000000011f180000, 0x0000000147b00000)
  object space 154112K, 53% used [0x0000000115b00000,0x000000011ab82b58,0x000000011f180000)
 PSPermGen       total 21504K, used 5218K [0x0000000110900000, 0x0000000111e00000, 0x0000000115b00000)
  object space 21504K, 24% used [0x0000000110900000,0x0000000110e18980,0x0000000111e00000)
Event: 20.840 GC heap after
Heap after GC invocations=80 (full 33):
 PSYoungGen      total 384512K, used 25074K [0x0000000147b00000, 0x0000000160b00000, 0x0000000160b00000)
  eden space 359424K, 0% used [0x0000000147b00000,0x0000000147b00000,0x000000015da00000)
  from space 25088K, 99% used [0x000000015da00000,0x000000015f27c970,0x000000015f280000)
  to   space 25088K, 0% used [0x000000015f280000,0x000000015f280000,0x0000000160b00000)
 ParOldGen       total 154112K, used 84266K [0x0000000115b00000, 0x000000011f180000, 0x0000000147b00000)
  object space 154112K, 54% used [0x0000000115b00000,0x000000011ad4ab58,0x000000011f180000)
 PSPermGen       total 21504K, used 5218K [0x0000000110900000, 0x0000000111e00000, 0x0000000115b00000)
  object space 21504K, 24% used [0x0000000110900000,0x0000000110e18980,0x0000000111e00000)
}

